<?xml version="1.0" encoding="UTF-8"?>
<testng-results ignored="0" total="8" passed="7" failed="1" skipped="0">
  <reporter-output>
  </reporter-output>
  <suite started-at="2023-06-15T13:34:55 IST" name="Default suite" finished-at="2023-06-15T13:36:31 IST" duration-ms="96425">
    <groups>
    </groups>
    <test started-at="2023-06-15T13:34:55 IST" name="Default test" finished-at="2023-06-15T13:36:31 IST" duration-ms="96425">
      <class name="testCases.questionPageTestcases">
        <test-method is-config="true" signature="setUp()[pri:0, instance:testCases.questionPageTestcases@74e52ef6]" started-at="2023-06-15T13:34:44 IST" name="setUp" finished-at="2023-06-15T13:34:55 IST" duration-ms="10196" status="PASS">
          <reporter-output>
          </reporter-output>
        </test-method> <!-- setUp -->
        <test-method signature="correctCredentials()[pri:1, instance:testCases.questionPageTestcases@74e52ef6]" started-at="2023-06-15T13:34:55 IST" name="correctCredentials" finished-at="2023-06-15T13:35:03 IST" duration-ms="8096" status="PASS">
          <reporter-output>
          </reporter-output>
        </test-method> <!-- correctCredentials -->
        <test-method signature="crmLogoImageTest()[pri:3, instance:testCases.questionPageTestcases@74e52ef6]" started-at="2023-06-15T13:35:03 IST" name="crmLogoImageTest" finished-at="2023-06-15T13:35:03 IST" duration-ms="48" status="PASS">
          <reporter-output>
          </reporter-output>
        </test-method> <!-- crmLogoImageTest -->
        <test-method signature="openAttemptLink()[pri:4, instance:testCases.questionPageTestcases@74e52ef6]" started-at="2023-06-15T13:35:03 IST" name="openAttemptLink" finished-at="2023-06-15T13:35:12 IST" duration-ms="9368" status="PASS">
          <reporter-output>
          </reporter-output>
        </test-method> <!-- openAttemptLink -->
        <test-method signature="loginPageTitleTest()[pri:5, instance:testCases.questionPageTestcases@74e52ef6]" started-at="2023-06-15T13:35:12 IST" name="loginPageTitleTest" finished-at="2023-06-15T13:35:12 IST" duration-ms="35" status="PASS">
          <reporter-output>
          </reporter-output>
        </test-method> <!-- loginPageTitleTest -->
        <test-method signature="checkPageStatus()[pri:6, instance:testCases.questionPageTestcases@74e52ef6]" started-at="2023-06-15T13:35:12 IST" name="checkPageStatus" finished-at="2023-06-15T13:35:14 IST" duration-ms="1355" status="PASS">
          <reporter-output>
          </reporter-output>
        </test-method> <!-- checkPageStatus -->
        <test-method signature="issue_3322()[pri:7, instance:testCases.questionPageTestcases@74e52ef6]" started-at="2023-06-15T13:35:14 IST" name="issue_3322" finished-at="2023-06-15T13:35:18 IST" duration-ms="4267" status="PASS">
          <reporter-output>
          </reporter-output>
        </test-method> <!-- issue_3322 -->
        <test-method signature="issue_3458()[pri:8, instance:testCases.questionPageTestcases@74e52ef6]" started-at="2023-06-15T13:35:18 IST" name="issue_3458" finished-at="2023-06-15T13:36:31 IST" duration-ms="73198" status="PASS">
          <reporter-output>
          </reporter-output>
        </test-method> <!-- issue_3458 -->
        <test-method signature="issue_3921()[pri:9, instance:testCases.questionPageTestcases@74e52ef6]" started-at="2023-06-15T13:36:31 IST" name="issue_3921" finished-at="2023-06-15T13:36:31 IST" duration-ms="9" status="FAIL">
          <exception class="org.openqa.selenium.InvalidArgumentException">
            <message>
              <![CDATA[invalid argument
  (Session info: chrome=114.0.5735.134)
Build info: version: '4.8.3', revision: 'b19b418e60'
System info: os.name: 'Windows 11', os.arch: 'amd64', os.version: '10.0', java.version: '19.0.2'
Driver info: org.openqa.selenium.chrome.ChromeDriver
Command: [58a6dd383f208c42ff6fc9e2286fb3ba, get {url="https://cqtestga.com/quest/list"}]
Capabilities {acceptInsecureCerts: false, browserName: chrome, browserVersion: 114.0.5735.134, chrome: {chromedriverVersion: 114.0.5735.90 (386bc09e8f4f..., userDataDir: C:\Users\pkhur\AppData\Loca...}, goog:chromeOptions: {debuggerAddress: localhost:62723}, networkConnectionEnabled: false, pageLoadStrategy: normal, platformName: WINDOWS, proxy: Proxy(), se:cdp: ws://localhost:62723/devtoo..., se:cdpVersion: 114.0.5735.134, setWindowRect: true, strictFileInteractability: false, timeouts: {implicit: 0, pageLoad: 300000, script: 30000}, unhandledPromptBehavior: dismiss and notify, webauthn:extension:credBlob: true, webauthn:extension:largeBlob: true, webauthn:extension:minPinLength: true, webauthn:extension:prf: true, webauthn:virtualAuthenticators: true}
Session ID: 58a6dd383f208c42ff6fc9e2286fb3ba]]>
            </message>
            <full-stacktrace>
              <![CDATA[org.openqa.selenium.InvalidArgumentException: invalid argument
  (Session info: chrome=114.0.5735.134)
Build info: version: '4.8.3', revision: 'b19b418e60'
System info: os.name: 'Windows 11', os.arch: 'amd64', os.version: '10.0', java.version: '19.0.2'
Driver info: org.openqa.selenium.chrome.ChromeDriver
Command: [58a6dd383f208c42ff6fc9e2286fb3ba, get {url="https://cqtestga.com/quest/list"}]
Capabilities {acceptInsecureCerts: false, browserName: chrome, browserVersion: 114.0.5735.134, chrome: {chromedriverVersion: 114.0.5735.90 (386bc09e8f4f..., userDataDir: C:\Users\pkhur\AppData\Loca...}, goog:chromeOptions: {debuggerAddress: localhost:62723}, networkConnectionEnabled: false, pageLoadStrategy: normal, platformName: WINDOWS, proxy: Proxy(), se:cdp: ws://localhost:62723/devtoo..., se:cdpVersion: 114.0.5735.134, setWindowRect: true, strictFileInteractability: false, timeouts: {implicit: 0, pageLoad: 300000, script: 30000}, unhandledPromptBehavior: dismiss and notify, webauthn:extension:credBlob: true, webauthn:extension:largeBlob: true, webauthn:extension:minPinLength: true, webauthn:extension:prf: true, webauthn:virtualAuthenticators: true}
Session ID: 58a6dd383f208c42ff6fc9e2286fb3ba
at java.base/jdk.internal.reflect.DirectConstructorHandleAccessor.newInstance(DirectConstructorHandleAccessor.java:67)
at java.base/java.lang.reflect.Constructor.newInstanceWithCaller(Constructor.java:500)
at java.base/java.lang.reflect.Constructor.newInstance(Constructor.java:484)
at org.openqa.selenium.remote.codec.w3c.W3CHttpResponseCodec.createException(W3CHttpResponseCodec.java:200)
at org.openqa.selenium.remote.codec.w3c.W3CHttpResponseCodec.decode(W3CHttpResponseCodec.java:133)
at org.openqa.selenium.remote.codec.w3c.W3CHttpResponseCodec.decode(W3CHttpResponseCodec.java:53)
at org.openqa.selenium.remote.HttpCommandExecutor.execute(HttpCommandExecutor.java:193)
at org.openqa.selenium.remote.service.DriverCommandExecutor.invokeExecute(DriverCommandExecutor.java:183)
at org.openqa.selenium.remote.service.DriverCommandExecutor.execute(DriverCommandExecutor.java:158)
at org.openqa.selenium.remote.RemoteWebDriver.execute(RemoteWebDriver.java:543)
at org.openqa.selenium.remote.RemoteWebDriver.get(RemoteWebDriver.java:297)
at testCases.questionPageTestcases.issue_3921(questionPageTestcases.java:123)
at java.base/jdk.internal.reflect.DirectMethodHandleAccessor.invoke(DirectMethodHandleAccessor.java:104)
at java.base/java.lang.reflect.Method.invoke(Method.java:578)
at org.testng.internal.MethodInvocationHelper.invokeMethod(MethodInvocationHelper.java:133)
at org.testng.internal.TestInvoker.invokeMethod(TestInvoker.java:598)
at org.testng.internal.TestInvoker.invokeTestMethod(TestInvoker.java:173)
at org.testng.internal.MethodRunner.runInSequence(MethodRunner.java:46)
at org.testng.internal.TestInvoker$MethodInvocationAgent.invoke(TestInvoker.java:824)
at org.testng.internal.TestInvoker.invokeTestMethods(TestInvoker.java:146)
at org.testng.internal.TestMethodWorker.invokeTestMethods(TestMethodWorker.java:146)
at org.testng.internal.TestMethodWorker.run(TestMethodWorker.java:128)
at java.base/java.util.ArrayList.forEach(ArrayList.java:1511)
at org.testng.TestRunner.privateRun(TestRunner.java:794)
at org.testng.TestRunner.run(TestRunner.java:596)
at org.testng.SuiteRunner.runTest(SuiteRunner.java:377)
at org.testng.SuiteRunner.runSequentially(SuiteRunner.java:371)
at org.testng.SuiteRunner.privateRun(SuiteRunner.java:332)
at org.testng.SuiteRunner.run(SuiteRunner.java:276)
at org.testng.SuiteRunnerWorker.runSuite(SuiteRunnerWorker.java:53)
at org.testng.SuiteRunnerWorker.run(SuiteRunnerWorker.java:96)
at org.testng.TestNG.runSuitesSequentially(TestNG.java:1212)
at org.testng.TestNG.runSuitesLocally(TestNG.java:1134)
at org.testng.TestNG.runSuites(TestNG.java:1063)
at org.testng.TestNG.run(TestNG.java:1031)
at org.testng.remote.AbstractRemoteTestNG.run(AbstractRemoteTestNG.java:115)
at org.testng.remote.RemoteTestNG.initAndRun(RemoteTestNG.java:251)
at org.testng.remote.RemoteTestNG.main(RemoteTestNG.java:77)
]]>
            </full-stacktrace>
          </exception> <!-- org.openqa.selenium.InvalidArgumentException -->
          <reporter-output>
          </reporter-output>
        </test-method> <!-- issue_3921 -->
      </class> <!-- testCases.questionPageTestcases -->
    </test> <!-- Default test -->
  </suite> <!-- Default suite -->
</testng-results>
